<?xml version="1.0" encoding="UTF-8"?>
<!-- Generated by org.testng.reporters.JUnitReportReporter -->
<testsuite hostname="Munna" failures="0" tests="1" name="demoGit.DemoGit" time="0.013" errors="0" timestamp="2022-01-24T17:17:13 IST" skipped="0">
  <testcase classname="demoGit.DemoGit" name="DemoGit" time="0.013"/>
  <system-out/>
</testsuite> <!-- demoGit.DemoGit -->
